<?xml version="1.0" encoding="UTF-8"?>
<!-- Generated by org.testng.reporters.JUnitReportReporter -->
<testsuite hostname="fv-az740-937" failures="0" tests="27" name="com.example.teamcity.api.CreateProjectTest" time="2.039" errors="0" timestamp="2024-06-01T19:42:03 UTC" skipped="0">
  <testcase classname="com.example.teamcity.api.CreateProjectTest" name="createProjectRequestWithNonExistedProjectParentShouldFail" time="0.048"/>
  <system-out/>
  <testcase classname="com.example.teamcity.api.CreateProjectTest" name="createProjectRequestWithIncorrectIdShouldFail" time="0.053"/>
  <system-out/>
  <testcase classname="com.example.teamcity.api.CreateProjectTest" name="createProjectRequestWithCorrectIdShouldPass" time="0.097"/>
  <system-out/>
  <testcase classname="com.example.teamcity.api.CreateProjectTest" name="createProjectRequestWithCorrectNameShouldPass" time="0.091"/>
  <system-out/>
  <testcase classname="com.example.teamcity.api.CreateProjectTest" name="createProjectRequestWithIncorrectIdShouldFail" time="0.049"/>
  <system-out/>
  <testcase classname="com.example.teamcity.api.CreateProjectTest" name="createProjectRequestWithCopyAllAssociatedSettingsFieldFalseShouldPass" time="0.046"/>
  <system-out/>
  <testcase classname="com.example.teamcity.api.CreateProjectTest" name="createProjectRequestWithIncorrectIdShouldFail" time="0.029"/>
  <system-out/>
  <testcase classname="com.example.teamcity.api.CreateProjectTest" name="createProjectRequestWithCorrectNameShouldPass" time="0.091"/>
  <system-out/>
  <testcase classname="com.example.teamcity.api.CreateProjectTest" name="createProjectRequestWithoutIdShouldPass" time="0.115"/>
  <system-out/>
  <testcase classname="com.example.teamcity.api.CreateProjectTest" name="createProjectRequestWithIncorrectIdShouldFail" time="0.069"/>
  <system-out/>
  <testcase classname="com.example.teamcity.api.CreateProjectTest" name="createProjectRequestWithCorrectNameShouldPass" time="0.080"/>
  <system-out/>
  <testcase classname="com.example.teamcity.api.CreateProjectTest" name="createProjectRequestWithCorrectNameShouldPass" time="0.079"/>
  <system-out/>
  <testcase classname="com.example.teamcity.api.CreateProjectTest" name="createProjectRequestWithIncorrectIdShouldFail" time="0.080"/>
  <system-out/>
  <testcase classname="com.example.teamcity.api.CreateProjectTest" name="createProjectRequestWithEmptyNameShouldFail" time="0.054"/>
  <system-out/>
  <testcase classname="com.example.teamcity.api.CreateProjectTest" name="createProjectRequestWithProjectParentNameInLocatorShouldPass" time="0.114"/>
  <system-out/>
  <testcase classname="com.example.teamcity.api.CreateProjectTest" name="createProjectRequestWithoutNameShouldFail" time="0.076"/>
  <system-out/>
  <testcase classname="com.example.teamcity.api.CreateProjectTest" name="createProjectRequestWithCorrectNameShouldPass" time="0.084"/>
  <system-out/>
  <testcase classname="com.example.teamcity.api.CreateProjectTest" name="createProjectRequestWithCorrectIdShouldPass" time="0.093"/>
  <system-out/>
  <testcase classname="com.example.teamcity.api.CreateProjectTest" name="createProjectRequestWithCorrectNameShouldPass" time="0.057"/>
  <system-out/>
  <testcase classname="com.example.teamcity.api.CreateProjectTest" name="createProjectRequestWithExistedIdShouldFail" time="0.110"/>
  <system-out/>
  <testcase classname="com.example.teamcity.api.CreateProjectTest" name="createProjectRequestWithIncorrectIdShouldFail" time="0.025"/>
  <system-out/>
  <testcase classname="com.example.teamcity.api.CreateProjectTest" name="createProjectRequestWithExistedNameShouldFail" time="0.071"/>
  <system-out/>
  <testcase classname="com.example.teamcity.api.CreateProjectTest" name="createProjectRequestWithCorrectNameShouldPass" time="0.085"/>
  <system-out/>
  <testcase classname="com.example.teamcity.api.CreateProjectTest" name="createProjectRequestWithCorrectIdShouldPass" time="0.071"/>
  <system-out/>
  <testcase classname="com.example.teamcity.api.CreateProjectTest" name="createProjectRequestWithCorrectIdShouldPass" time="0.096"/>
  <system-out/>
  <testcase classname="com.example.teamcity.api.CreateProjectTest" name="createProjectRequestWithRootProjectParentIdInLocatorShouldPass" time="0.046"/>
  <system-out/>
  <testcase classname="com.example.teamcity.api.CreateProjectTest" name="createProjectRequestWithOtherProjectParentIdInLocatorShouldPass" time="0.130"/>
  <system-out/>
</testsuite> <!-- com.example.teamcity.api.CreateProjectTest -->
