<?xml version="1.0" encoding="UTF-8"?>
<!-- Generated by org.testng.reporters.JUnitReportReporter -->
<testsuite hostname="fv-az740-937" failures="0" tests="1" name="com.example.teamcity.ui.SetupTest" time="57.495" errors="0" timestamp="2024-06-01T19:41:30 UTC" skipped="0">
  <testcase classname="com.example.teamcity.ui.SetupTest" name="startUpTest" time="57.495"/>
  <system-out/>
</testsuite> <!-- com.example.teamcity.ui.SetupTest -->
