<?xml version="1.0" encoding="UTF-8"?>
<!-- Generated by org.testng.reporters.JUnitReportReporter -->
<testsuite hostname="fv-az740-937" failures="0" tests="4" name="com.example.teamcity.api.RolesTest" time="1.349" errors="0" timestamp="2024-06-01T19:42:03 UTC" skipped="0">
  <testcase classname="com.example.teamcity.api.RolesTest" name="systemAdminShouldHaveRightsToCreateProject" time="0.129"/>
  <system-out/>
  <testcase classname="com.example.teamcity.api.RolesTest" name="projectAdminShouldNotHaveRightsToCreateBuildConfigToAnotherProject" time="0.449"/>
  <system-out/>
  <testcase classname="com.example.teamcity.api.RolesTest" name="unauthorizedUserShouldNotHaveRightToCreateProject" time="0.137"/>
  <system-out/>
  <testcase classname="com.example.teamcity.api.RolesTest" name="projectAdminShouldHaveRightsToCreateBuildConfigToHisProject" time="0.634"/>
  <system-out/>
</testsuite> <!-- com.example.teamcity.api.RolesTest -->
