<?xml version="1.0" encoding="UTF-8"?>
<!-- Generated by org.testng.reporters.JUnitReportReporter -->
<testsuite hostname="fv-az740-937" failures="0" tests="29" name="com.example.teamcity.api.BuildConfigurationTest" time="17.569" errors="0" timestamp="2024-06-01T19:42:03 UTC" skipped="0">
  <testcase classname="com.example.teamcity.api.BuildConfigurationTest" name="createBuildConfigRequestWithCorrectNameShouldPass" time="0.155"/>
  <system-out/>
  <testcase classname="com.example.teamcity.api.BuildConfigurationTest" name="createBuildConfigRequestWithIncorrectIdShouldFail" time="0.283"/>
  <system-out/>
  <testcase classname="com.example.teamcity.api.BuildConfigurationTest" name="createBuildConfigRequestWithCorrectIdShouldPass" time="0.272"/>
  <system-out/>
  <testcase classname="com.example.teamcity.api.BuildConfigurationTest" name="createBuildConfigRequestWithCorrectNameShouldPass" time="0.963"/>
  <system-out/>
  <testcase classname="com.example.teamcity.api.BuildConfigurationTest" name="createBuildConfigRequestWithCorrectIdShouldPass" time="0.272"/>
  <system-out/>
  <testcase classname="com.example.teamcity.api.BuildConfigurationTest" name="createBuildConfigRequestWithExistedNameInOtherProjectShouldPass" time="0.355"/>
  <system-out/>
  <testcase classname="com.example.teamcity.api.BuildConfigurationTest" name="createBuildConfigRequestWithExistedIdInDifferentProjectShouldFail" time="6.129"/>
  <system-out/>
  <testcase classname="com.example.teamcity.api.BuildConfigurationTest" name="createBuildConfigRequestWithIncorrectIdShouldFail" time="0.138"/>
  <system-out/>
  <testcase classname="com.example.teamcity.api.BuildConfigurationTest" name="createBuildConfigRequestWithIncorrectIdShouldFail" time="0.189"/>
  <system-out/>
  <testcase classname="com.example.teamcity.api.BuildConfigurationTest" name="createBuildConfigRequestWithCommandLineStepsShouldPass" time="3.291"/>
  <system-out/>
  <testcase classname="com.example.teamcity.api.BuildConfigurationTest" name="createBuildConfigRequestWithCorrectIdShouldPass" time="0.268"/>
  <system-out/>
  <testcase classname="com.example.teamcity.api.BuildConfigurationTest" name="createBuildConfigRequestWithCorrectIdShouldPass" time="0.208"/>
  <system-out/>
  <testcase classname="com.example.teamcity.api.BuildConfigurationTest" name="createBuildConfigRequestWithCorrectNameShouldPass" time="0.208"/>
  <system-out/>
  <testcase classname="com.example.teamcity.api.BuildConfigurationTest" name="createBuildConfigRequestWithCorrectNameShouldPass" time="0.709"/>
  <system-out/>
  <testcase classname="com.example.teamcity.api.BuildConfigurationTest" name="createBuildConfigRequestWithoutNameShouldFail" time="0.114"/>
  <system-out/>
  <testcase classname="com.example.teamcity.api.BuildConfigurationTest" name="createBuildConfigRequestWithoutIdShouldPass" time="0.228"/>
  <system-out/>
  <testcase classname="com.example.teamcity.api.BuildConfigurationTest" name="createBuildConfigRequestWithCorrectNameShouldPass" time="0.186"/>
  <system-out/>
  <testcase classname="com.example.teamcity.api.BuildConfigurationTest" name="createBuildConfigRequestWithExistedIdInSameProjectShouldFail" time="0.325"/>
  <system-out/>
  <testcase classname="com.example.teamcity.api.BuildConfigurationTest" name="createBuildConfigRequestWithoutStepsShouldPass" time="0.618"/>
  <system-out/>
  <testcase classname="com.example.teamcity.api.BuildConfigurationTest" name="createBuildConfigRequestWithCorrectNameShouldPass" time="0.192"/>
  <system-out/>
  <testcase classname="com.example.teamcity.api.BuildConfigurationTest" name="createBuildConfigRequestWithIncorrectIdShouldFail" time="0.186"/>
  <system-out/>
  <testcase classname="com.example.teamcity.api.BuildConfigurationTest" name="createBuildConfigRequestWithNonExistedProjectShouldFail" time="0.718"/>
  <system-out/>
  <testcase classname="com.example.teamcity.api.BuildConfigurationTest" name="createBuildConfigRequestWithPowerShellStepsShouldPass" time="0.143"/>
  <system-out/>
  <testcase classname="com.example.teamcity.api.BuildConfigurationTest" name="createBuildConfigRequestWithTwoStepsShouldPass" time="0.262"/>
  <system-out/>
  <testcase classname="com.example.teamcity.api.BuildConfigurationTest" name="createBuildConfigRequestWithIncorrectIdShouldFail" time="0.172"/>
  <system-out/>
  <testcase classname="com.example.teamcity.api.BuildConfigurationTest" name="createBuildConfigRequestWithCorrectNameShouldPass" time="0.245"/>
  <system-out/>
  <testcase classname="com.example.teamcity.api.BuildConfigurationTest" name="createBuildConfigRequestWithExistedNameInSameProjectShouldFail" time="0.167"/>
  <system-out/>
  <testcase classname="com.example.teamcity.api.BuildConfigurationTest" name="createBuildConfigRequestWithCorrectNameShouldPass" time="0.402"/>
  <system-out/>
  <testcase classname="com.example.teamcity.api.BuildConfigurationTest" name="createBuildConfigRequestWithIncorrectIdShouldFail" time="0.171"/>
  <system-out/>
</testsuite> <!-- com.example.teamcity.api.BuildConfigurationTest -->
